{"name": "test_user_login_004[getDataForLogin3]", "status": "failed", "statusDetails": {"message": "AssertionError: assert False", "trace": "self = <testCases.test_userprofile_params.Test_UserProfile object at 0x000001DC32F18550>\nsetup = <selenium.webdriver.chrome.webdriver.WebDriver (session=\"57529bc7377a5aee1b41f64594cac46a\")>\ngetDataForLogin = ('tester4@gmail.com1', 'tester1234', 'Fail')\n\n    def test_user_login_004(self, setup, getDataForLogin):\n        self.driver = setup\n        self.log.info(\"*** opening browser ***\")\n        self.ur = UserProfile_Class(self.driver)\n        self.log.info(\"test_user_login_004 is started\")\n        self.driver.get(self.Login_url)\n        self.log.info(\"go to url\")\n        self.ur.Enter_Email(getDataForLogin[0])\n        self.log.info(\"enter email\")\n        self.ur.Enter_Password(getDataForLogin[1])\n        self.log.info(\"enter password\")\n        self.ur.Click_login_or_Register_button()\n        self.log.info(\"click on login button\")\n    \n        if self.ur.Validation_login_or_Registration() == \"Registration or login  pass\":\n            self.log.info(\"test_user_login_004 is pass\")\n            if getDataForLogin[2] == \"Pass\":\n                self.driver.save_screenshot(\n                \"C:\\\\Babli\\\\python_revision_2\\\\Pytest_python_projects\\\\Pytest_credkart_project\\\\Screenshots\\\\Login_pass.png\"\n            )\n            assert True\n        elif getDataForLogin[2] == \"Fail\":\n            self.driver.save_screenshot(\n                \"C:\\\\Babli\\\\python_revision_2\\\\Pytest_python_projects\\\\Pytest_credkart_project\\\\Screenshots\\\\Login_pass.png\"\n            )\n>           assert False\nE           assert False\n\ntestCases\\test_userprofile_params.py:76: AssertionError"}, "attachments": [{"name": "log", "source": "d3420471-65e8-4c0f-9709-3462a4a6d45c-attachment.txt", "type": "text/plain"}, {"name": "stdout", "source": "f4bd28fe-3955-4e11-963c-198f08b2758c-attachment.txt", "type": "text/plain"}, {"name": "stderr", "source": "aba2da52-129b-47a7-9205-9b8e15db9886-attachment.txt", "type": "text/plain"}], "parameters": [{"name": "getDataForLogin", "value": "('tester4@gmail.com1', 'tester1234', 'Fail')"}], "start": 1705001423301, "stop": 1705001426312, "uuid": "bd833bfa-4048-4d27-b1fd-1e35343b3771", "historyId": "fcb36f4326764f34f426eca7880008ce", "testCaseId": "d82814f6150a4f374de8f9ec30b5b718", "fullName": "testCases.test_userprofile_params.Test_UserProfile#test_user_login_004", "labels": [{"name": "parentSuite", "value": "testCases"}, {"name": "suite", "value": "test_userprofile_params"}, {"name": "subSuite", "value": "Test_UserProfile"}, {"name": "host", "value": "Sonu"}, {"name": "thread", "value": "3420-MainThread"}, {"name": "framework", "value": "pytest"}, {"name": "language", "value": "cpython3"}, {"name": "package", "value": "testCases.test_userprofile_params"}]}