{"name": "test_user_login_004[getDataForLogin1]", "status": "failed", "statusDetails": {"message": "AssertionError: assert False", "trace": "self = <testCases.test_userprofile_params.Test_UserProfile object at 0x000001A6AF726150>\nsetup = <selenium.webdriver.chrome.webdriver.WebDriver (session=\"82dedf31fbbcf6d9ebf8a9cca295573b\")>\ngetDataForLogin = ('tester4@gmail.com1', 'tester123', 'Fail')\n\n    def test_user_login_004(self, setup, getDataForLogin):\n        self.driver = setup\n        self.log.info(\"*** opening browser ***\")\n        self.ur = UserProfile_Class(self.driver)\n        self.log.info(\"test_user_login_004 is started\")\n        self.driver.get(self.Login_url)\n        self.log.info(\"go to url\")\n        self.ur.Enter_Email(getDataForLogin[0])\n        self.log.info(\"enter email\")\n        self.ur.Enter_Password(getDataForLogin[1])\n        self.log.info(\"enter password\")\n        self.ur.Click_login_or_Register_button()\n        self.log.info(\"click on login button\")\n    \n        if self.ur.Validation_login_or_Registration() == \"Registration or login  pass\":\n            self.log.info(\"test_user_login_004 is pass\")\n            if getDataForLogin[2] == \"Pass\":\n                self.driver.save_screenshot(\n                \"C:\\\\Babli\\\\python_revision_2\\\\Pytest_python_projects\\\\Pytest_credkart_project\\\\Screenshots\\\\Login_pass.png\"\n            )\n            assert True\n        elif getDataForLogin[2] == \"Fail\":\n            self.driver.save_screenshot(\n                \"C:\\\\Babli\\\\python_revision_2\\\\Pytest_python_projects\\\\Pytest_credkart_project\\\\Screenshots\\\\Login_pass.png\"\n            )\n>           assert False\nE           assert False\n\ntestCases\\test_userprofile_params.py:76: AssertionError"}, "attachments": [{"name": "log", "source": "e9625af0-641b-4289-b089-9ffb0628f984-attachment.txt", "type": "text/plain"}, {"name": "stdout", "source": "e79dbf11-b255-4cbc-94a3-25e7af35ffe6-attachment.txt", "type": "text/plain"}, {"name": "stderr", "source": "8bc580a2-7e89-47b1-95ff-1f8c40db8b29-attachment.txt", "type": "text/plain"}], "parameters": [{"name": "getDataForLogin", "value": "('tester4@gmail.com1', 'tester123', 'Fail')"}], "start": 1705001938609, "stop": 1705001942308, "uuid": "d9e3e71a-2351-480b-a3df-07e83fa7e916", "historyId": "382414ea98700468abfbc14acef13d72", "testCaseId": "d82814f6150a4f374de8f9ec30b5b718", "fullName": "testCases.test_userprofile_params.Test_UserProfile#test_user_login_004", "labels": [{"name": "parentSuite", "value": "testCases"}, {"name": "suite", "value": "test_userprofile_params"}, {"name": "subSuite", "value": "Test_UserProfile"}, {"name": "host", "value": "Sonu"}, {"name": "thread", "value": "11528-MainThread"}, {"name": "framework", "value": "pytest"}, {"name": "language", "value": "cpython3"}, {"name": "package", "value": "testCases.test_userprofile_params"}]}