{"name": "test_user_login_004[getDataForLogin2]", "status": "failed", "statusDetails": {"message": "AssertionError: assert False", "trace": "self = <testCases.test_userprofile_params.Test_UserProfile object at 0x000001CDFAF1CBD0>\nsetup = <selenium.webdriver.chrome.webdriver.WebDriver (session=\"a564c39a227572771750f8c9d07265e0\")>\ngetDataForLogin = ('tester4@gmail.com', 'tester1234', 'Fail')\n\n    def test_user_login_004(self, setup, getDataForLogin):\n        self.driver = setup\n        self.log.info(\"*** opening browser ***\")\n        self.ur = UserProfile_Class(self.driver)\n        self.log.info(\"test_user_login_004 is started\")\n        self.driver.get(self.Login_url)\n        self.log.info(\"go to url\")\n        self.ur.Enter_Email(getDataForLogin[0])\n        self.log.info(\"enter email\")\n        self.ur.Enter_Password(getDataForLogin[1])\n        self.log.info(\"enter password\")\n        self.ur.Click_login_or_Register_button()\n        self.log.info(\"click on login button\")\n    \n        if self.ur.Validation_login_or_Registration() == \"Registration or login  pass\":\n            self.log.info(\"test_user_login_004 is pass\")\n            if getDataForLogin[2] == \"Pass\":\n                self.driver.save_screenshot(\n                \"C:\\\\Babli\\\\python_revision_2\\\\Pytest_python_projects\\\\Pytest_credkart_project\\\\Screenshots\\\\Login_pass.png\"\n            )\n            assert True\n        elif getDataForLogin[2] == \"Fail\":\n            self.driver.save_screenshot(\n                \"C:\\\\Babli\\\\python_revision_2\\\\Pytest_python_projects\\\\Pytest_credkart_project\\\\Screenshots\\\\Login_pass.png\"\n            )\n>           assert False\nE           assert False\n\ntestCases\\test_userprofile_params.py:76: AssertionError"}, "attachments": [{"name": "log", "source": "1b10b267-fb1f-4a25-b68f-b963ace22704-attachment.txt", "type": "text/plain"}, {"name": "stdout", "source": "8fb1db20-3a0f-4b69-b47d-98206b07c8bd-attachment.txt", "type": "text/plain"}, {"name": "stderr", "source": "680de12c-76b0-4aba-bd87-18103527e757-attachment.txt", "type": "text/plain"}], "parameters": [{"name": "getDataForLogin", "value": "('tester4@gmail.com', 'tester1234', 'Fail')"}], "start": 1705053928903, "stop": 1705053932623, "uuid": "d8af0490-195e-4562-85da-1f5c47910225", "historyId": "4942acb40ed3ee20782632398fa46fc5", "testCaseId": "d82814f6150a4f374de8f9ec30b5b718", "fullName": "testCases.test_userprofile_params.Test_UserProfile#test_user_login_004", "labels": [{"name": "parentSuite", "value": "testCases"}, {"name": "suite", "value": "test_userprofile_params"}, {"name": "subSuite", "value": "Test_UserProfile"}, {"name": "host", "value": "Sonu"}, {"name": "thread", "value": "14816-MainThread"}, {"name": "framework", "value": "pytest"}, {"name": "language", "value": "cpython3"}, {"name": "package", "value": "testCases.test_userprofile_params"}]}