{"name": "test_user_login_004[getDataForLogin2]", "status": "failed", "statusDetails": {"message": "AssertionError: assert False", "trace": "self = <testCases.test_userprofile_params.Test_UserProfile object at 0x000001DC32F1A990>\nsetup = <selenium.webdriver.chrome.webdriver.WebDriver (session=\"1cb5db3d6f22e8a9602279ce65a17164\")>\ngetDataForLogin = ('tester4@gmail.com', 'tester1234', 'Fail')\n\n    def test_user_login_004(self, setup, getDataForLogin):\n        self.driver = setup\n        self.log.info(\"*** opening browser ***\")\n        self.ur = UserProfile_Class(self.driver)\n        self.log.info(\"test_user_login_004 is started\")\n        self.driver.get(self.Login_url)\n        self.log.info(\"go to url\")\n        self.ur.Enter_Email(getDataForLogin[0])\n        self.log.info(\"enter email\")\n        self.ur.Enter_Password(getDataForLogin[1])\n        self.log.info(\"enter password\")\n        self.ur.Click_login_or_Register_button()\n        self.log.info(\"click on login button\")\n    \n        if self.ur.Validation_login_or_Registration() == \"Registration or login  pass\":\n            self.log.info(\"test_user_login_004 is pass\")\n            if getDataForLogin[2] == \"Pass\":\n                self.driver.save_screenshot(\n                \"C:\\\\Babli\\\\python_revision_2\\\\Pytest_python_projects\\\\Pytest_credkart_project\\\\Screenshots\\\\Login_pass.png\"\n            )\n            assert True\n        elif getDataForLogin[2] == \"Fail\":\n            self.driver.save_screenshot(\n                \"C:\\\\Babli\\\\python_revision_2\\\\Pytest_python_projects\\\\Pytest_credkart_project\\\\Screenshots\\\\Login_pass.png\"\n            )\n>           assert False\nE           assert False\n\ntestCases\\test_userprofile_params.py:76: AssertionError"}, "attachments": [{"name": "log", "source": "44414bb9-df0e-4fea-ac99-b705c2baae89-attachment.txt", "type": "text/plain"}, {"name": "stdout", "source": "c1ae6a32-cf7c-45b4-9e17-c9ab0e53be35-attachment.txt", "type": "text/plain"}, {"name": "stderr", "source": "66571a2b-7cdd-4402-a93e-15eda8dce10f-attachment.txt", "type": "text/plain"}], "parameters": [{"name": "getDataForLogin", "value": "('tester4@gmail.com', 'tester1234', 'Fail')"}], "start": 1705001414870, "stop": 1705001419392, "uuid": "0422e0a1-0ca6-4fd3-8cbb-e71003516a59", "historyId": "4942acb40ed3ee20782632398fa46fc5", "testCaseId": "d82814f6150a4f374de8f9ec30b5b718", "fullName": "testCases.test_userprofile_params.Test_UserProfile#test_user_login_004", "labels": [{"name": "parentSuite", "value": "testCases"}, {"name": "suite", "value": "test_userprofile_params"}, {"name": "subSuite", "value": "Test_UserProfile"}, {"name": "host", "value": "Sonu"}, {"name": "thread", "value": "3420-MainThread"}, {"name": "framework", "value": "pytest"}, {"name": "language", "value": "cpython3"}, {"name": "package", "value": "testCases.test_userprofile_params"}]}