{"name": "test_user_login_004[getDataForLogin3]", "status": "failed", "statusDetails": {"message": "AssertionError: assert False", "trace": "self = <testCases.test_userprofile_params.Test_UserProfile object at 0x0000029DD7666CD0>\nsetup = <selenium.webdriver.chrome.webdriver.WebDriver (session=\"65e98555dfe6b588c7c350bb634ed645\")>\ngetDataForLogin = ('tester4@gmail.com1', 'tester1234', 'Fail')\n\n    def test_user_login_004(self, setup, getDataForLogin):\n        self.driver = setup\n        self.log.info(\"*** opening browser ***\")\n        self.ur = UserProfile_Class(self.driver)\n        self.log.info(\"test_user_login_004 is started\")\n        self.driver.get(self.Login_url)\n        self.log.info(\"go to url\")\n        self.ur.Enter_Email(getDataForLogin[0])\n        self.log.info(\"enter email\")\n        self.ur.Enter_Password(getDataForLogin[1])\n        self.log.info(\"enter password\")\n        self.ur.Click_login_or_Register_button()\n        self.log.info(\"click on login button\")\n    \n        if self.ur.Validation_login_or_Registration() == \"Registration or login  pass\":\n            self.log.info(\"test_user_login_004 is pass\")\n            if getDataForLogin[2] == \"Pass\":\n                self.driver.save_screenshot(\n                \"C:\\\\Babli\\\\python_revision_2\\\\Pytest_python_projects\\\\Pytest_credkart_project\\\\Screenshots\\\\Login_pass.png\"\n            )\n            assert True\n        elif getDataForLogin[2] == \"Fail\":\n            self.driver.save_screenshot(\n                \"C:\\\\Babli\\\\python_revision_2\\\\Pytest_python_projects\\\\Pytest_credkart_project\\\\Screenshots\\\\Login_pass.png\"\n            )\n>           assert False\nE           assert False\n\ntestCases\\test_userprofile_params.py:76: AssertionError"}, "attachments": [{"name": "log", "source": "3d82f3c4-113e-47a2-a476-d8b407f13685-attachment.txt", "type": "text/plain"}, {"name": "stdout", "source": "10c20257-f323-4df7-ab2a-e1fd1b2462cf-attachment.txt", "type": "text/plain"}, {"name": "stderr", "source": "d1b0bf36-4286-495f-a087-5311cdfef6d2-attachment.txt", "type": "text/plain"}], "parameters": [{"name": "getDataForLogin", "value": "('tester4@gmail.com1', 'tester1234', 'Fail')"}], "start": 1704919522342, "stop": 1704919525064, "uuid": "37b8e29d-af87-4d22-832f-3d81cb6bb783", "historyId": "fcb36f4326764f34f426eca7880008ce", "testCaseId": "d82814f6150a4f374de8f9ec30b5b718", "fullName": "testCases.test_userprofile_params.Test_UserProfile#test_user_login_004", "labels": [{"name": "parentSuite", "value": "testCases"}, {"name": "suite", "value": "test_userprofile_params"}, {"name": "subSuite", "value": "Test_UserProfile"}, {"name": "host", "value": "Sonu"}, {"name": "thread", "value": "14856-MainThread"}, {"name": "framework", "value": "pytest"}, {"name": "language", "value": "cpython3"}, {"name": "package", "value": "testCases.test_userprofile_params"}]}