{"uid":"3c895e30a9fbde1d","name":"test_user_login_004[getDataForLogin2]","fullName":"testCases.test_userprofile_params.Test_UserProfile#test_user_login_004","historyId":"4942acb40ed3ee20782632398fa46fc5","time":{"start":1705001923946,"stop":1705001928470,"duration":4524},"status":"failed","statusMessage":"AssertionError: assert False","statusTrace":"self = <testCases.test_userprofile_params.Test_UserProfile object at 0x00000216EF9B5710>\nsetup = <selenium.webdriver.chrome.webdriver.WebDriver (session=\"c7a149818f9a00d3694ad2388c90c8a0\")>\ngetDataForLogin = ('tester4@gmail.com', 'tester1234', 'Fail')\n\n    def test_user_login_004(self, setup, getDataForLogin):\n        self.driver = setup\n        self.log.info(\"*** opening browser ***\")\n        self.ur = UserProfile_Class(self.driver)\n        self.log.info(\"test_user_login_004 is started\")\n        self.driver.get(self.Login_url)\n        self.log.info(\"go to url\")\n        self.ur.Enter_Email(getDataForLogin[0])\n        self.log.info(\"enter email\")\n        self.ur.Enter_Password(getDataForLogin[1])\n        self.log.info(\"enter password\")\n        self.ur.Click_login_or_Register_button()\n        self.log.info(\"click on login button\")\n    \n        if self.ur.Validation_login_or_Registration() == \"Registration or login  pass\":\n            self.log.info(\"test_user_login_004 is pass\")\n            if getDataForLogin[2] == \"Pass\":\n                self.driver.save_screenshot(\n                \"C:\\\\Babli\\\\python_revision_2\\\\Pytest_python_projects\\\\Pytest_credkart_project\\\\Screenshots\\\\Login_pass.png\"\n            )\n            assert True\n        elif getDataForLogin[2] == \"Fail\":\n            self.driver.save_screenshot(\n                \"C:\\\\Babli\\\\python_revision_2\\\\Pytest_python_projects\\\\Pytest_credkart_project\\\\Screenshots\\\\Login_pass.png\"\n            )\n>           assert False\nE           assert False\n\ntestCases\\test_userprofile_params.py:76: AssertionError","flaky":false,"newFailed":false,"newBroken":false,"newPassed":false,"retriesCount":0,"retriesStatusChange":false,"beforeStages":[{"name":"setup","time":{"start":1705001921353,"stop":1705001923945,"duration":2592},"status":"passed","steps":[],"attachments":[],"parameters":[],"attachmentsCount":0,"shouldDisplayMessage":false,"stepsCount":0,"hasContent":false,"attachmentStep":false},{"name":"browser","time":{"start":1705001921353,"stop":1705001921353,"duration":0},"status":"passed","steps":[],"attachments":[],"parameters":[],"attachmentsCount":0,"shouldDisplayMessage":false,"stepsCount":0,"hasContent":false,"attachmentStep":false},{"name":"getDataForLogin","time":{"start":1705001923945,"stop":1705001923945,"duration":0},"status":"passed","steps":[],"attachments":[],"parameters":[],"attachmentsCount":0,"shouldDisplayMessage":false,"stepsCount":0,"hasContent":false,"attachmentStep":false}],"testStage":{"status":"failed","statusMessage":"AssertionError: assert False","statusTrace":"self = <testCases.test_userprofile_params.Test_UserProfile object at 0x00000216EF9B5710>\nsetup = <selenium.webdriver.chrome.webdriver.WebDriver (session=\"c7a149818f9a00d3694ad2388c90c8a0\")>\ngetDataForLogin = ('tester4@gmail.com', 'tester1234', 'Fail')\n\n    def test_user_login_004(self, setup, getDataForLogin):\n        self.driver = setup\n        self.log.info(\"*** opening browser ***\")\n        self.ur = UserProfile_Class(self.driver)\n        self.log.info(\"test_user_login_004 is started\")\n        self.driver.get(self.Login_url)\n        self.log.info(\"go to url\")\n        self.ur.Enter_Email(getDataForLogin[0])\n        self.log.info(\"enter email\")\n        self.ur.Enter_Password(getDataForLogin[1])\n        self.log.info(\"enter password\")\n        self.ur.Click_login_or_Register_button()\n        self.log.info(\"click on login button\")\n    \n        if self.ur.Validation_login_or_Registration() == \"Registration or login  pass\":\n            self.log.info(\"test_user_login_004 is pass\")\n            if getDataForLogin[2] == \"Pass\":\n                self.driver.save_screenshot(\n                \"C:\\\\Babli\\\\python_revision_2\\\\Pytest_python_projects\\\\Pytest_credkart_project\\\\Screenshots\\\\Login_pass.png\"\n            )\n            assert True\n        elif getDataForLogin[2] == \"Fail\":\n            self.driver.save_screenshot(\n                \"C:\\\\Babli\\\\python_revision_2\\\\Pytest_python_projects\\\\Pytest_credkart_project\\\\Screenshots\\\\Login_pass.png\"\n            )\n>           assert False\nE           assert False\n\ntestCases\\test_userprofile_params.py:76: AssertionError","steps":[],"attachments":[{"uid":"cdc3c932ac6e4c13","name":"log","source":"cdc3c932ac6e4c13.txt","type":"text/plain","size":503},{"uid":"47653878199cd51b","name":"stdout","source":"47653878199cd51b.txt","type":"text/plain","size":53},{"uid":"fc54e46fb218d12e","name":"stderr","source":"fc54e46fb218d12e.txt","type":"text/plain","size":94524}],"parameters":[],"attachmentsCount":3,"shouldDisplayMessage":true,"stepsCount":0,"hasContent":true,"attachmentStep":false},"afterStages":[{"name":"setup::0","time":{"start":1705001928492,"stop":1705001930703,"duration":2211},"status":"passed","steps":[],"attachments":[],"parameters":[],"attachmentsCount":0,"shouldDisplayMessage":false,"stepsCount":0,"hasContent":false,"attachmentStep":false}],"labels":[{"name":"parentSuite","value":"testCases"},{"name":"suite","value":"test_userprofile_params"},{"name":"subSuite","value":"Test_UserProfile"},{"name":"host","value":"Sonu"},{"name":"thread","value":"6308-MainThread"},{"name":"framework","value":"pytest"},{"name":"language","value":"cpython3"},{"name":"package","value":"testCases.test_userprofile_params"},{"name":"resultFormat","value":"allure2"}],"parameters":[{"name":"getDataForLogin","value":"('tester4@gmail.com', 'tester1234', 'Fail')"}],"links":[],"hidden":true,"retry":true,"extra":{"categories":[],"tags":[]},"source":"3c895e30a9fbde1d.json","parameterValues":["('tester4@gmail.com', 'tester1234', 'Fail')"]}