{"uid":"963360043af140c4","name":"test_user_login_004[getDataForLogin2]","fullName":"testCases.test_userprofile_params.Test_UserProfile#test_user_login_004","historyId":"4942acb40ed3ee20782632398fa46fc5","time":{"start":1705053928903,"stop":1705053932623,"duration":3720},"status":"failed","statusMessage":"AssertionError: assert False","statusTrace":"self = <testCases.test_userprofile_params.Test_UserProfile object at 0x000001CDFAF1CBD0>\nsetup = <selenium.webdriver.chrome.webdriver.WebDriver (session=\"a564c39a227572771750f8c9d07265e0\")>\ngetDataForLogin = ('tester4@gmail.com', 'tester1234', 'Fail')\n\n    def test_user_login_004(self, setup, getDataForLogin):\n        self.driver = setup\n        self.log.info(\"*** opening browser ***\")\n        self.ur = UserProfile_Class(self.driver)\n        self.log.info(\"test_user_login_004 is started\")\n        self.driver.get(self.Login_url)\n        self.log.info(\"go to url\")\n        self.ur.Enter_Email(getDataForLogin[0])\n        self.log.info(\"enter email\")\n        self.ur.Enter_Password(getDataForLogin[1])\n        self.log.info(\"enter password\")\n        self.ur.Click_login_or_Register_button()\n        self.log.info(\"click on login button\")\n    \n        if self.ur.Validation_login_or_Registration() == \"Registration or login  pass\":\n            self.log.info(\"test_user_login_004 is pass\")\n            if getDataForLogin[2] == \"Pass\":\n                self.driver.save_screenshot(\n                \"C:\\\\Babli\\\\python_revision_2\\\\Pytest_python_projects\\\\Pytest_credkart_project\\\\Screenshots\\\\Login_pass.png\"\n            )\n            assert True\n        elif getDataForLogin[2] == \"Fail\":\n            self.driver.save_screenshot(\n                \"C:\\\\Babli\\\\python_revision_2\\\\Pytest_python_projects\\\\Pytest_credkart_project\\\\Screenshots\\\\Login_pass.png\"\n            )\n>           assert False\nE           assert False\n\ntestCases\\test_userprofile_params.py:76: AssertionError","flaky":false,"newFailed":false,"newBroken":false,"newPassed":false,"retriesCount":3,"retriesStatusChange":false,"beforeStages":[{"name":"setup","time":{"start":1705053927490,"stop":1705053928902,"duration":1412},"status":"passed","steps":[],"attachments":[],"parameters":[],"attachmentsCount":0,"shouldDisplayMessage":false,"stepsCount":0,"hasContent":false,"attachmentStep":false},{"name":"browser","time":{"start":1705053927490,"stop":1705053927490,"duration":0},"status":"passed","steps":[],"attachments":[],"parameters":[],"attachmentsCount":0,"shouldDisplayMessage":false,"stepsCount":0,"hasContent":false,"attachmentStep":false},{"name":"getDataForLogin","time":{"start":1705053928902,"stop":1705053928902,"duration":0},"status":"passed","steps":[],"attachments":[],"parameters":[],"attachmentsCount":0,"shouldDisplayMessage":false,"stepsCount":0,"hasContent":false,"attachmentStep":false}],"testStage":{"status":"failed","statusMessage":"AssertionError: assert False","statusTrace":"self = <testCases.test_userprofile_params.Test_UserProfile object at 0x000001CDFAF1CBD0>\nsetup = <selenium.webdriver.chrome.webdriver.WebDriver (session=\"a564c39a227572771750f8c9d07265e0\")>\ngetDataForLogin = ('tester4@gmail.com', 'tester1234', 'Fail')\n\n    def test_user_login_004(self, setup, getDataForLogin):\n        self.driver = setup\n        self.log.info(\"*** opening browser ***\")\n        self.ur = UserProfile_Class(self.driver)\n        self.log.info(\"test_user_login_004 is started\")\n        self.driver.get(self.Login_url)\n        self.log.info(\"go to url\")\n        self.ur.Enter_Email(getDataForLogin[0])\n        self.log.info(\"enter email\")\n        self.ur.Enter_Password(getDataForLogin[1])\n        self.log.info(\"enter password\")\n        self.ur.Click_login_or_Register_button()\n        self.log.info(\"click on login button\")\n    \n        if self.ur.Validation_login_or_Registration() == \"Registration or login  pass\":\n            self.log.info(\"test_user_login_004 is pass\")\n            if getDataForLogin[2] == \"Pass\":\n                self.driver.save_screenshot(\n                \"C:\\\\Babli\\\\python_revision_2\\\\Pytest_python_projects\\\\Pytest_credkart_project\\\\Screenshots\\\\Login_pass.png\"\n            )\n            assert True\n        elif getDataForLogin[2] == \"Fail\":\n            self.driver.save_screenshot(\n                \"C:\\\\Babli\\\\python_revision_2\\\\Pytest_python_projects\\\\Pytest_credkart_project\\\\Screenshots\\\\Login_pass.png\"\n            )\n>           assert False\nE           assert False\n\ntestCases\\test_userprofile_params.py:76: AssertionError","steps":[],"attachments":[{"uid":"6a91ac4e172bf258","name":"log","source":"6a91ac4e172bf258.txt","type":"text/plain","size":503},{"uid":"a79714c1b06e803a","name":"stdout","source":"a79714c1b06e803a.txt","type":"text/plain","size":53},{"uid":"55d8ef10c1f146a9","name":"stderr","source":"55d8ef10c1f146a9.txt","type":"text/plain","size":94524}],"parameters":[],"attachmentsCount":3,"shouldDisplayMessage":true,"stepsCount":0,"hasContent":true,"attachmentStep":false},"afterStages":[{"name":"setup::0","time":{"start":1705053932636,"stop":1705053935066,"duration":2430},"status":"passed","steps":[],"attachments":[],"parameters":[],"attachmentsCount":0,"shouldDisplayMessage":false,"stepsCount":0,"hasContent":false,"attachmentStep":false}],"labels":[{"name":"parentSuite","value":"testCases"},{"name":"suite","value":"test_userprofile_params"},{"name":"subSuite","value":"Test_UserProfile"},{"name":"host","value":"Sonu"},{"name":"thread","value":"14816-MainThread"},{"name":"framework","value":"pytest"},{"name":"language","value":"cpython3"},{"name":"package","value":"testCases.test_userprofile_params"},{"name":"resultFormat","value":"allure2"}],"parameters":[{"name":"getDataForLogin","value":"('tester4@gmail.com', 'tester1234', 'Fail')"}],"links":[],"hidden":false,"retry":false,"extra":{"severity":"normal","retries":[{"uid":"340d0ebc316c23f0","status":"failed","statusDetails":"AssertionError: assert False","time":{"start":1705053277052,"stop":1705053280578,"duration":3526}},{"uid":"3c895e30a9fbde1d","status":"failed","statusDetails":"AssertionError: assert False","time":{"start":1705001923946,"stop":1705001928470,"duration":4524}},{"uid":"3d7a98918bdfdad4","status":"failed","statusDetails":"AssertionError: assert False","time":{"start":1705001414870,"stop":1705001419392,"duration":4522}}],"categories":[{"name":"Product defects","matchedStatuses":[],"flaky":false}],"history":{"statistic":{"failed":3,"broken":0,"skipped":0,"passed":0,"unknown":0,"total":3},"items":[{"uid":"ecec64a09cb16394","reportUrl":"http://localhost:9191/job/Pytest_credkart_1/5/allure/#testresult/ecec64a09cb16394","status":"failed","statusDetails":"AssertionError: assert False","time":{"start":1705053928903,"stop":1705053932623,"duration":3720}},{"uid":"270559ed25c31ee9","reportUrl":"http://localhost:9191/job/Pytest_credkart_1/4/allure/#testresult/270559ed25c31ee9","status":"failed","statusDetails":"AssertionError: assert False","time":{"start":1705053928903,"stop":1705053932623,"duration":3720}}]},"tags":[]},"source":"963360043af140c4.json","parameterValues":["('tester4@gmail.com', 'tester1234', 'Fail')"]}