{"uid":"1d10b84d7318ed3a","name":"test_registration_001","fullName":"testCases.test_UserProfile.Test_UserProfile#test_registration_001","historyId":"587cd1add88feef010b1c33acaafac8f","time":{"start":1705001414870,"stop":1705001417642,"duration":2772},"status":"broken","statusMessage":"selenium.common.exceptions.NoSuchElementException: Message: no such element: Unable to locate element: {\"method\":\"xpath\",\"selector\":\"//button[normalize-space()='Login']\"}\n  (Session info: chrome=120.0.6099.216)\nStacktrace:\n\tGetHandleVerifier [0x011A6EE3+174339]\n\t(No symbol) [0x010D0A51]\n\t(No symbol) [0x00DE6FF6]\n\t(No symbol) [0x00E19876]\n\t(No symbol) [0x00E19C2C]\n\t(No symbol) [0x00E4BD42]\n\t(No symbol) [0x00E37054]\n\t(No symbol) [0x00E4A104]\n\t(No symbol) [0x00E36DA6]\n\t(No symbol) [0x00E11034]\n\t(No symbol) [0x00E11F8D]\n\tGetHandleVerifier [0x01244B1C+820540]\n\tsqlite3_dbdata_init [0x013053EE+653550]\n\tsqlite3_dbdata_init [0x01304E09+652041]\n\tsqlite3_dbdata_init [0x012F97CC+605388]\n\tsqlite3_dbdata_init [0x01305D9B+656027]\n\t(No symbol) [0x010DFE6C]\n\t(No symbol) [0x010D83B8]\n\t(No symbol) [0x010D84DD]\n\t(No symbol) [0x010C5818]\n\tBaseThreadInitThunk [0x77007BA9+25]\n\tRtlInitializeExceptionChain [0x77A4BD2B+107]\n\tRtlClearBits [0x77A4BCAF+191]","statusTrace":"self = <testCases.test_UserProfile.Test_UserProfile object at 0x00000200C6085890>\nsetup = <selenium.webdriver.chrome.webdriver.WebDriver (session=\"eca9346d5249bc509618c01b7faa5340\")>\n\n    def test_registration_001(self, setup):\n        self.driver = setup\n        self.log.info(\"*** opening browser***\")\n    \n        # self.driver = webdriver.Chrome()\n        # self.driver.maximize_window()\n        self.ur = UserProfile_Class(self.driver)\n        self.log.info(\"*** test_registration_001 is started***\")\n    \n        self.driver.get(self. Registration_url)\n        self.log.info(\"Go to url--> \" + self. Registration_url)\n        self.ur.Enter_Name(self.Name)\n    \n        #email = generate_email()\n        self.ur.Enter_Email(self.Username)\n        #print(email)\n    \n        self.log.info(\"enter email \")\n        self.ur.Enter_Password(self.Password)\n        self.log.info(\"password \")\n        self.ur.Enter_ConfirmPassword(self.Password)\n>       self.ur.Click_login_or_Register_button()\n\ntestCases\\test_UserProfile.py:39: \n_ _ _ _ _ _ _ _ _ _ _ _ _ _ _ _ _ _ _ _ _ _ _ _ _ _ _ _ _ _ _ _ _ _ _ _ _ _ _ _\npageObjects\\UserProfilePage.py:31: in Click_login_or_Register_button\n    self.driver.find_element(*UserProfile_Class.Click_login_or_Register_XPATH).click()\nC:\\Users\\pramo\\AppData\\Local\\Programs\\Python\\Python311\\Lib\\site-packages\\selenium\\webdriver\\remote\\webdriver.py:831: in find_element\n    return self.execute(Command.FIND_ELEMENT, {\"using\": by, \"value\": value})[\"value\"]\nC:\\Users\\pramo\\AppData\\Local\\Programs\\Python\\Python311\\Lib\\site-packages\\selenium\\webdriver\\remote\\webdriver.py:440: in execute\n    self.error_handler.check_response(response)\n_ _ _ _ _ _ _ _ _ _ _ _ _ _ _ _ _ _ _ _ _ _ _ _ _ _ _ _ _ _ _ _ _ _ _ _ _ _ _ _\n\nself = <selenium.webdriver.remote.errorhandler.ErrorHandler object at 0x00000200C6253E50>\nresponse = {'status': 404, 'value': '{\"value\":{\"error\":\"no such element\",\"message\":\"no such element: Unable to locate element: {\\...dInitThunk [0x77007BA9+25]\\\\n\\\\tRtlInitializeExceptionChain [0x77A4BD2B+107]\\\\n\\\\tRtlClearBits [0x77A4BCAF+191]\\\\n\"}}'}\n\n    def check_response(self, response: Dict[str, Any]) -> None:\n        \"\"\"Checks that a JSON response from the WebDriver does not have an\n        error.\n    \n        :Args:\n         - response - The JSON response from the WebDriver server as a dictionary\n           object.\n    \n        :Raises: If the response contains an error message.\n        \"\"\"\n        status = response.get(\"status\", None)\n        if not status or status == ErrorCode.SUCCESS:\n            return\n        value = None\n        message = response.get(\"message\", \"\")\n        screen: str = response.get(\"screen\", \"\")\n        stacktrace = None\n        if isinstance(status, int):\n            value_json = response.get(\"value\", None)\n            if value_json and isinstance(value_json, str):\n                import json\n    \n                try:\n                    value = json.loads(value_json)\n                    if len(value) == 1:\n                        value = value[\"value\"]\n                    status = value.get(\"error\", None)\n                    if not status:\n                        status = value.get(\"status\", ErrorCode.UNKNOWN_ERROR)\n                        message = value.get(\"value\") or value.get(\"message\")\n                        if not isinstance(message, str):\n                            value = message\n                            message = message.get(\"message\")\n                    else:\n                        message = value.get(\"message\", None)\n                except ValueError:\n                    pass\n    \n        exception_class: Type[WebDriverException]\n        if status in ErrorCode.NO_SUCH_ELEMENT:\n            exception_class = NoSuchElementException\n        elif status in ErrorCode.NO_SUCH_FRAME:\n            exception_class = NoSuchFrameException\n        elif status in ErrorCode.NO_SUCH_SHADOW_ROOT:\n            exception_class = NoSuchShadowRootException\n        elif status in ErrorCode.NO_SUCH_WINDOW:\n            exception_class = NoSuchWindowException\n        elif status in ErrorCode.STALE_ELEMENT_REFERENCE:\n            exception_class = StaleElementReferenceException\n        elif status in ErrorCode.ELEMENT_NOT_VISIBLE:\n            exception_class = ElementNotVisibleException\n        elif status in ErrorCode.INVALID_ELEMENT_STATE:\n            exception_class = InvalidElementStateException\n        elif (\n            status in ErrorCode.INVALID_SELECTOR\n            or status in ErrorCode.INVALID_XPATH_SELECTOR\n            or status in ErrorCode.INVALID_XPATH_SELECTOR_RETURN_TYPER\n        ):\n            exception_class = InvalidSelectorException\n        elif status in ErrorCode.ELEMENT_IS_NOT_SELECTABLE:\n            exception_class = ElementNotSelectableException\n        elif status in ErrorCode.ELEMENT_NOT_INTERACTABLE:\n            exception_class = ElementNotInteractableException\n        elif status in ErrorCode.INVALID_COOKIE_DOMAIN:\n            exception_class = InvalidCookieDomainException\n        elif status in ErrorCode.UNABLE_TO_SET_COOKIE:\n            exception_class = UnableToSetCookieException\n        elif status in ErrorCode.TIMEOUT:\n            exception_class = TimeoutException\n        elif status in ErrorCode.SCRIPT_TIMEOUT:\n            exception_class = TimeoutException\n        elif status in ErrorCode.UNKNOWN_ERROR:\n            exception_class = WebDriverException\n        elif status in ErrorCode.UNEXPECTED_ALERT_OPEN:\n            exception_class = UnexpectedAlertPresentException\n        elif status in ErrorCode.NO_ALERT_OPEN:\n            exception_class = NoAlertPresentException\n        elif status in ErrorCode.IME_NOT_AVAILABLE:\n            exception_class = ImeNotAvailableException\n        elif status in ErrorCode.IME_ENGINE_ACTIVATION_FAILED:\n            exception_class = ImeActivationFailedException\n        elif status in ErrorCode.MOVE_TARGET_OUT_OF_BOUNDS:\n            exception_class = MoveTargetOutOfBoundsException\n        elif status in ErrorCode.JAVASCRIPT_ERROR:\n            exception_class = JavascriptException\n        elif status in ErrorCode.SESSION_NOT_CREATED:\n            exception_class = SessionNotCreatedException\n        elif status in ErrorCode.INVALID_ARGUMENT:\n            exception_class = InvalidArgumentException\n        elif status in ErrorCode.NO_SUCH_COOKIE:\n            exception_class = NoSuchCookieException\n        elif status in ErrorCode.UNABLE_TO_CAPTURE_SCREEN:\n            exception_class = ScreenshotException\n        elif status in ErrorCode.ELEMENT_CLICK_INTERCEPTED:\n            exception_class = ElementClickInterceptedException\n        elif status in ErrorCode.INSECURE_CERTIFICATE:\n            exception_class = InsecureCertificateException\n        elif status in ErrorCode.INVALID_COORDINATES:\n            exception_class = InvalidCoordinatesException\n        elif status in ErrorCode.INVALID_SESSION_ID:\n            exception_class = InvalidSessionIdException\n        elif status in ErrorCode.UNKNOWN_METHOD:\n            exception_class = UnknownMethodException\n        else:\n            exception_class = WebDriverException\n        if not value:\n            value = response[\"value\"]\n        if isinstance(value, str):\n            raise exception_class(value)\n        if message == \"\" and \"message\" in value:\n            message = value[\"message\"]\n    \n        screen = None  # type: ignore[assignment]\n        if \"screen\" in value:\n            screen = value[\"screen\"]\n    \n        stacktrace = None\n        st_value = value.get(\"stackTrace\") or value.get(\"stacktrace\")\n        if st_value:\n            if isinstance(st_value, str):\n                stacktrace = st_value.split(\"\\n\")\n            else:\n                stacktrace = []\n                try:\n                    for frame in st_value:\n                        line = frame.get(\"lineNumber\", \"\")\n                        file = frame.get(\"fileName\", \"<anonymous>\")\n                        if line:\n                            file = f\"{file}:{line}\"\n                        meth = frame.get(\"methodName\", \"<anonymous>\")\n                        if \"className\" in frame:\n                            meth = f\"{frame['className']}.{meth}\"\n                        msg = \"    at %s (%s)\"\n                        msg = msg % (meth, file)\n                        stacktrace.append(msg)\n                except TypeError:\n                    pass\n        if exception_class == UnexpectedAlertPresentException:\n            alert_text = None\n            if \"data\" in value:\n                alert_text = value[\"data\"].get(\"text\")\n            elif \"alert\" in value:\n                alert_text = value[\"alert\"].get(\"text\")\n            raise exception_class(message, screen, stacktrace, alert_text)  # type: ignore[call-arg]  # mypy is not smart enough here\n>       raise exception_class(message, screen, stacktrace)\nE       selenium.common.exceptions.NoSuchElementException: Message: no such element: Unable to locate element: {\"method\":\"xpath\",\"selector\":\"//button[normalize-space()='Login']\"}\nE         (Session info: chrome=120.0.6099.216)\nE       Stacktrace:\nE       \tGetHandleVerifier [0x011A6EE3+174339]\nE       \t(No symbol) [0x010D0A51]\nE       \t(No symbol) [0x00DE6FF6]\nE       \t(No symbol) [0x00E19876]\nE       \t(No symbol) [0x00E19C2C]\nE       \t(No symbol) [0x00E4BD42]\nE       \t(No symbol) [0x00E37054]\nE       \t(No symbol) [0x00E4A104]\nE       \t(No symbol) [0x00E36DA6]\nE       \t(No symbol) [0x00E11034]\nE       \t(No symbol) [0x00E11F8D]\nE       \tGetHandleVerifier [0x01244B1C+820540]\nE       \tsqlite3_dbdata_init [0x013053EE+653550]\nE       \tsqlite3_dbdata_init [0x01304E09+652041]\nE       \tsqlite3_dbdata_init [0x012F97CC+605388]\nE       \tsqlite3_dbdata_init [0x01305D9B+656027]\nE       \t(No symbol) [0x010DFE6C]\nE       \t(No symbol) [0x010D83B8]\nE       \t(No symbol) [0x010D84DD]\nE       \t(No symbol) [0x010C5818]\nE       \tBaseThreadInitThunk [0x77007BA9+25]\nE       \tRtlInitializeExceptionChain [0x77A4BD2B+107]\nE       \tRtlClearBits [0x77A4BCAF+191]\n\nC:\\Users\\pramo\\AppData\\Local\\Programs\\Python\\Python311\\Lib\\site-packages\\selenium\\webdriver\\remote\\errorhandler.py:245: NoSuchElementException","flaky":false,"newFailed":false,"newBroken":false,"newPassed":false,"retriesCount":0,"retriesStatusChange":false,"beforeStages":[{"name":"browser","time":{"start":1705001411788,"stop":1705001411788,"duration":0},"status":"passed","steps":[],"attachments":[],"parameters":[],"attachmentStep":false,"hasContent":false,"stepsCount":0,"shouldDisplayMessage":false,"attachmentsCount":0},{"name":"setup","time":{"start":1705001411788,"stop":1705001414870,"duration":3082},"status":"passed","steps":[],"attachments":[],"parameters":[],"attachmentStep":false,"hasContent":false,"stepsCount":0,"shouldDisplayMessage":false,"attachmentsCount":0}],"testStage":{"status":"broken","statusMessage":"selenium.common.exceptions.NoSuchElementException: Message: no such element: Unable to locate element: {\"method\":\"xpath\",\"selector\":\"//button[normalize-space()='Login']\"}\n  (Session info: chrome=120.0.6099.216)\nStacktrace:\n\tGetHandleVerifier [0x011A6EE3+174339]\n\t(No symbol) [0x010D0A51]\n\t(No symbol) [0x00DE6FF6]\n\t(No symbol) [0x00E19876]\n\t(No symbol) [0x00E19C2C]\n\t(No symbol) [0x00E4BD42]\n\t(No symbol) [0x00E37054]\n\t(No symbol) [0x00E4A104]\n\t(No symbol) [0x00E36DA6]\n\t(No symbol) [0x00E11034]\n\t(No symbol) [0x00E11F8D]\n\tGetHandleVerifier [0x01244B1C+820540]\n\tsqlite3_dbdata_init [0x013053EE+653550]\n\tsqlite3_dbdata_init [0x01304E09+652041]\n\tsqlite3_dbdata_init [0x012F97CC+605388]\n\tsqlite3_dbdata_init [0x01305D9B+656027]\n\t(No symbol) [0x010DFE6C]\n\t(No symbol) [0x010D83B8]\n\t(No symbol) [0x010D84DD]\n\t(No symbol) [0x010C5818]\n\tBaseThreadInitThunk [0x77007BA9+25]\n\tRtlInitializeExceptionChain [0x77A4BD2B+107]\n\tRtlClearBits [0x77A4BCAF+191]","statusTrace":"self = <testCases.test_UserProfile.Test_UserProfile object at 0x00000200C6085890>\nsetup = <selenium.webdriver.chrome.webdriver.WebDriver (session=\"eca9346d5249bc509618c01b7faa5340\")>\n\n    def test_registration_001(self, setup):\n        self.driver = setup\n        self.log.info(\"*** opening browser***\")\n    \n        # self.driver = webdriver.Chrome()\n        # self.driver.maximize_window()\n        self.ur = UserProfile_Class(self.driver)\n        self.log.info(\"*** test_registration_001 is started***\")\n    \n        self.driver.get(self. Registration_url)\n        self.log.info(\"Go to url--> \" + self. Registration_url)\n        self.ur.Enter_Name(self.Name)\n    \n        #email = generate_email()\n        self.ur.Enter_Email(self.Username)\n        #print(email)\n    \n        self.log.info(\"enter email \")\n        self.ur.Enter_Password(self.Password)\n        self.log.info(\"password \")\n        self.ur.Enter_ConfirmPassword(self.Password)\n>       self.ur.Click_login_or_Register_button()\n\ntestCases\\test_UserProfile.py:39: \n_ _ _ _ _ _ _ _ _ _ _ _ _ _ _ _ _ _ _ _ _ _ _ _ _ _ _ _ _ _ _ _ _ _ _ _ _ _ _ _\npageObjects\\UserProfilePage.py:31: in Click_login_or_Register_button\n    self.driver.find_element(*UserProfile_Class.Click_login_or_Register_XPATH).click()\nC:\\Users\\pramo\\AppData\\Local\\Programs\\Python\\Python311\\Lib\\site-packages\\selenium\\webdriver\\remote\\webdriver.py:831: in find_element\n    return self.execute(Command.FIND_ELEMENT, {\"using\": by, \"value\": value})[\"value\"]\nC:\\Users\\pramo\\AppData\\Local\\Programs\\Python\\Python311\\Lib\\site-packages\\selenium\\webdriver\\remote\\webdriver.py:440: in execute\n    self.error_handler.check_response(response)\n_ _ _ _ _ _ _ _ _ _ _ _ _ _ _ _ _ _ _ _ _ _ _ _ _ _ _ _ _ _ _ _ _ _ _ _ _ _ _ _\n\nself = <selenium.webdriver.remote.errorhandler.ErrorHandler object at 0x00000200C6253E50>\nresponse = {'status': 404, 'value': '{\"value\":{\"error\":\"no such element\",\"message\":\"no such element: Unable to locate element: {\\...dInitThunk [0x77007BA9+25]\\\\n\\\\tRtlInitializeExceptionChain [0x77A4BD2B+107]\\\\n\\\\tRtlClearBits [0x77A4BCAF+191]\\\\n\"}}'}\n\n    def check_response(self, response: Dict[str, Any]) -> None:\n        \"\"\"Checks that a JSON response from the WebDriver does not have an\n        error.\n    \n        :Args:\n         - response - The JSON response from the WebDriver server as a dictionary\n           object.\n    \n        :Raises: If the response contains an error message.\n        \"\"\"\n        status = response.get(\"status\", None)\n        if not status or status == ErrorCode.SUCCESS:\n            return\n        value = None\n        message = response.get(\"message\", \"\")\n        screen: str = response.get(\"screen\", \"\")\n        stacktrace = None\n        if isinstance(status, int):\n            value_json = response.get(\"value\", None)\n            if value_json and isinstance(value_json, str):\n                import json\n    \n                try:\n                    value = json.loads(value_json)\n                    if len(value) == 1:\n                        value = value[\"value\"]\n                    status = value.get(\"error\", None)\n                    if not status:\n                        status = value.get(\"status\", ErrorCode.UNKNOWN_ERROR)\n                        message = value.get(\"value\") or value.get(\"message\")\n                        if not isinstance(message, str):\n                            value = message\n                            message = message.get(\"message\")\n                    else:\n                        message = value.get(\"message\", None)\n                except ValueError:\n                    pass\n    \n        exception_class: Type[WebDriverException]\n        if status in ErrorCode.NO_SUCH_ELEMENT:\n            exception_class = NoSuchElementException\n        elif status in ErrorCode.NO_SUCH_FRAME:\n            exception_class = NoSuchFrameException\n        elif status in ErrorCode.NO_SUCH_SHADOW_ROOT:\n            exception_class = NoSuchShadowRootException\n        elif status in ErrorCode.NO_SUCH_WINDOW:\n            exception_class = NoSuchWindowException\n        elif status in ErrorCode.STALE_ELEMENT_REFERENCE:\n            exception_class = StaleElementReferenceException\n        elif status in ErrorCode.ELEMENT_NOT_VISIBLE:\n            exception_class = ElementNotVisibleException\n        elif status in ErrorCode.INVALID_ELEMENT_STATE:\n            exception_class = InvalidElementStateException\n        elif (\n            status in ErrorCode.INVALID_SELECTOR\n            or status in ErrorCode.INVALID_XPATH_SELECTOR\n            or status in ErrorCode.INVALID_XPATH_SELECTOR_RETURN_TYPER\n        ):\n            exception_class = InvalidSelectorException\n        elif status in ErrorCode.ELEMENT_IS_NOT_SELECTABLE:\n            exception_class = ElementNotSelectableException\n        elif status in ErrorCode.ELEMENT_NOT_INTERACTABLE:\n            exception_class = ElementNotInteractableException\n        elif status in ErrorCode.INVALID_COOKIE_DOMAIN:\n            exception_class = InvalidCookieDomainException\n        elif status in ErrorCode.UNABLE_TO_SET_COOKIE:\n            exception_class = UnableToSetCookieException\n        elif status in ErrorCode.TIMEOUT:\n            exception_class = TimeoutException\n        elif status in ErrorCode.SCRIPT_TIMEOUT:\n            exception_class = TimeoutException\n        elif status in ErrorCode.UNKNOWN_ERROR:\n            exception_class = WebDriverException\n        elif status in ErrorCode.UNEXPECTED_ALERT_OPEN:\n            exception_class = UnexpectedAlertPresentException\n        elif status in ErrorCode.NO_ALERT_OPEN:\n            exception_class = NoAlertPresentException\n        elif status in ErrorCode.IME_NOT_AVAILABLE:\n            exception_class = ImeNotAvailableException\n        elif status in ErrorCode.IME_ENGINE_ACTIVATION_FAILED:\n            exception_class = ImeActivationFailedException\n        elif status in ErrorCode.MOVE_TARGET_OUT_OF_BOUNDS:\n            exception_class = MoveTargetOutOfBoundsException\n        elif status in ErrorCode.JAVASCRIPT_ERROR:\n            exception_class = JavascriptException\n        elif status in ErrorCode.SESSION_NOT_CREATED:\n            exception_class = SessionNotCreatedException\n        elif status in ErrorCode.INVALID_ARGUMENT:\n            exception_class = InvalidArgumentException\n        elif status in ErrorCode.NO_SUCH_COOKIE:\n            exception_class = NoSuchCookieException\n        elif status in ErrorCode.UNABLE_TO_CAPTURE_SCREEN:\n            exception_class = ScreenshotException\n        elif status in ErrorCode.ELEMENT_CLICK_INTERCEPTED:\n            exception_class = ElementClickInterceptedException\n        elif status in ErrorCode.INSECURE_CERTIFICATE:\n            exception_class = InsecureCertificateException\n        elif status in ErrorCode.INVALID_COORDINATES:\n            exception_class = InvalidCoordinatesException\n        elif status in ErrorCode.INVALID_SESSION_ID:\n            exception_class = InvalidSessionIdException\n        elif status in ErrorCode.UNKNOWN_METHOD:\n            exception_class = UnknownMethodException\n        else:\n            exception_class = WebDriverException\n        if not value:\n            value = response[\"value\"]\n        if isinstance(value, str):\n            raise exception_class(value)\n        if message == \"\" and \"message\" in value:\n            message = value[\"message\"]\n    \n        screen = None  # type: ignore[assignment]\n        if \"screen\" in value:\n            screen = value[\"screen\"]\n    \n        stacktrace = None\n        st_value = value.get(\"stackTrace\") or value.get(\"stacktrace\")\n        if st_value:\n            if isinstance(st_value, str):\n                stacktrace = st_value.split(\"\\n\")\n            else:\n                stacktrace = []\n                try:\n                    for frame in st_value:\n                        line = frame.get(\"lineNumber\", \"\")\n                        file = frame.get(\"fileName\", \"<anonymous>\")\n                        if line:\n                            file = f\"{file}:{line}\"\n                        meth = frame.get(\"methodName\", \"<anonymous>\")\n                        if \"className\" in frame:\n                            meth = f\"{frame['className']}.{meth}\"\n                        msg = \"    at %s (%s)\"\n                        msg = msg % (meth, file)\n                        stacktrace.append(msg)\n                except TypeError:\n                    pass\n        if exception_class == UnexpectedAlertPresentException:\n            alert_text = None\n            if \"data\" in value:\n                alert_text = value[\"data\"].get(\"text\")\n            elif \"alert\" in value:\n                alert_text = value[\"alert\"].get(\"text\")\n            raise exception_class(message, screen, stacktrace, alert_text)  # type: ignore[call-arg]  # mypy is not smart enough here\n>       raise exception_class(message, screen, stacktrace)\nE       selenium.common.exceptions.NoSuchElementException: Message: no such element: Unable to locate element: {\"method\":\"xpath\",\"selector\":\"//button[normalize-space()='Login']\"}\nE         (Session info: chrome=120.0.6099.216)\nE       Stacktrace:\nE       \tGetHandleVerifier [0x011A6EE3+174339]\nE       \t(No symbol) [0x010D0A51]\nE       \t(No symbol) [0x00DE6FF6]\nE       \t(No symbol) [0x00E19876]\nE       \t(No symbol) [0x00E19C2C]\nE       \t(No symbol) [0x00E4BD42]\nE       \t(No symbol) [0x00E37054]\nE       \t(No symbol) [0x00E4A104]\nE       \t(No symbol) [0x00E36DA6]\nE       \t(No symbol) [0x00E11034]\nE       \t(No symbol) [0x00E11F8D]\nE       \tGetHandleVerifier [0x01244B1C+820540]\nE       \tsqlite3_dbdata_init [0x013053EE+653550]\nE       \tsqlite3_dbdata_init [0x01304E09+652041]\nE       \tsqlite3_dbdata_init [0x012F97CC+605388]\nE       \tsqlite3_dbdata_init [0x01305D9B+656027]\nE       \t(No symbol) [0x010DFE6C]\nE       \t(No symbol) [0x010D83B8]\nE       \t(No symbol) [0x010D84DD]\nE       \t(No symbol) [0x010C5818]\nE       \tBaseThreadInitThunk [0x77007BA9+25]\nE       \tRtlInitializeExceptionChain [0x77A4BD2B+107]\nE       \tRtlClearBits [0x77A4BCAF+191]\n\nC:\\Users\\pramo\\AppData\\Local\\Programs\\Python\\Python311\\Lib\\site-packages\\selenium\\webdriver\\remote\\errorhandler.py:245: NoSuchElementException","steps":[],"attachments":[{"uid":"f66b1c54dcf15691","name":"log","source":"f66b1c54dcf15691.txt","type":"text/plain","size":427},{"uid":"84642d69167fdbfe","name":"stdout","source":"84642d69167fdbfe.txt","type":"text/plain","size":25},{"uid":"a4e9473336a2de53","name":"stderr","source":"a4e9473336a2de53.txt","type":"text/plain","size":78868}],"parameters":[],"attachmentStep":false,"hasContent":true,"stepsCount":0,"shouldDisplayMessage":true,"attachmentsCount":3},"afterStages":[{"name":"setup::0","time":{"start":1705001417687,"stop":1705001419887,"duration":2200},"status":"passed","steps":[],"attachments":[],"parameters":[],"attachmentStep":false,"hasContent":false,"stepsCount":0,"shouldDisplayMessage":false,"attachmentsCount":0}],"labels":[{"name":"parentSuite","value":"testCases"},{"name":"suite","value":"test_UserProfile"},{"name":"subSuite","value":"Test_UserProfile"},{"name":"host","value":"Sonu"},{"name":"thread","value":"368-MainThread"},{"name":"framework","value":"pytest"},{"name":"language","value":"cpython3"},{"name":"package","value":"testCases.test_UserProfile"},{"name":"resultFormat","value":"allure2"}],"parameters":[],"links":[],"hidden":true,"retry":true,"extra":{"categories":[],"tags":[]},"source":"1d10b84d7318ed3a.json","parameterValues":[]}