{"uid":"4613ef4faab7819c","name":"test_user_login_004[getDataForLogin3]","fullName":"testCases.test_userprofile_params.Test_UserProfile#test_user_login_004","historyId":"fcb36f4326764f34f426eca7880008ce","time":{"start":1705001423301,"stop":1705001426312,"duration":3011},"status":"failed","statusMessage":"AssertionError: assert False","statusTrace":"self = <testCases.test_userprofile_params.Test_UserProfile object at 0x000001DC32F18550>\nsetup = <selenium.webdriver.chrome.webdriver.WebDriver (session=\"57529bc7377a5aee1b41f64594cac46a\")>\ngetDataForLogin = ('tester4@gmail.com1', 'tester1234', 'Fail')\n\n    def test_user_login_004(self, setup, getDataForLogin):\n        self.driver = setup\n        self.log.info(\"*** opening browser ***\")\n        self.ur = UserProfile_Class(self.driver)\n        self.log.info(\"test_user_login_004 is started\")\n        self.driver.get(self.Login_url)\n        self.log.info(\"go to url\")\n        self.ur.Enter_Email(getDataForLogin[0])\n        self.log.info(\"enter email\")\n        self.ur.Enter_Password(getDataForLogin[1])\n        self.log.info(\"enter password\")\n        self.ur.Click_login_or_Register_button()\n        self.log.info(\"click on login button\")\n    \n        if self.ur.Validation_login_or_Registration() == \"Registration or login  pass\":\n            self.log.info(\"test_user_login_004 is pass\")\n            if getDataForLogin[2] == \"Pass\":\n                self.driver.save_screenshot(\n                \"C:\\\\Babli\\\\python_revision_2\\\\Pytest_python_projects\\\\Pytest_credkart_project\\\\Screenshots\\\\Login_pass.png\"\n            )\n            assert True\n        elif getDataForLogin[2] == \"Fail\":\n            self.driver.save_screenshot(\n                \"C:\\\\Babli\\\\python_revision_2\\\\Pytest_python_projects\\\\Pytest_credkart_project\\\\Screenshots\\\\Login_pass.png\"\n            )\n>           assert False\nE           assert False\n\ntestCases\\test_userprofile_params.py:76: AssertionError","flaky":false,"newFailed":false,"newBroken":false,"newPassed":false,"retriesCount":0,"retriesStatusChange":false,"beforeStages":[{"name":"setup","time":{"start":1705001421571,"stop":1705001423297,"duration":1726},"status":"passed","steps":[],"attachments":[],"parameters":[],"attachmentStep":false,"hasContent":false,"stepsCount":0,"shouldDisplayMessage":false,"attachmentsCount":0},{"name":"browser","time":{"start":1705001421571,"stop":1705001421571,"duration":0},"status":"passed","steps":[],"attachments":[],"parameters":[],"attachmentStep":false,"hasContent":false,"stepsCount":0,"shouldDisplayMessage":false,"attachmentsCount":0},{"name":"getDataForLogin","time":{"start":1705001423297,"stop":1705001423297,"duration":0},"status":"passed","steps":[],"attachments":[],"parameters":[],"attachmentStep":false,"hasContent":false,"stepsCount":0,"shouldDisplayMessage":false,"attachmentsCount":0}],"testStage":{"status":"failed","statusMessage":"AssertionError: assert False","statusTrace":"self = <testCases.test_userprofile_params.Test_UserProfile object at 0x000001DC32F18550>\nsetup = <selenium.webdriver.chrome.webdriver.WebDriver (session=\"57529bc7377a5aee1b41f64594cac46a\")>\ngetDataForLogin = ('tester4@gmail.com1', 'tester1234', 'Fail')\n\n    def test_user_login_004(self, setup, getDataForLogin):\n        self.driver = setup\n        self.log.info(\"*** opening browser ***\")\n        self.ur = UserProfile_Class(self.driver)\n        self.log.info(\"test_user_login_004 is started\")\n        self.driver.get(self.Login_url)\n        self.log.info(\"go to url\")\n        self.ur.Enter_Email(getDataForLogin[0])\n        self.log.info(\"enter email\")\n        self.ur.Enter_Password(getDataForLogin[1])\n        self.log.info(\"enter password\")\n        self.ur.Click_login_or_Register_button()\n        self.log.info(\"click on login button\")\n    \n        if self.ur.Validation_login_or_Registration() == \"Registration or login  pass\":\n            self.log.info(\"test_user_login_004 is pass\")\n            if getDataForLogin[2] == \"Pass\":\n                self.driver.save_screenshot(\n                \"C:\\\\Babli\\\\python_revision_2\\\\Pytest_python_projects\\\\Pytest_credkart_project\\\\Screenshots\\\\Login_pass.png\"\n            )\n            assert True\n        elif getDataForLogin[2] == \"Fail\":\n            self.driver.save_screenshot(\n                \"C:\\\\Babli\\\\python_revision_2\\\\Pytest_python_projects\\\\Pytest_credkart_project\\\\Screenshots\\\\Login_pass.png\"\n            )\n>           assert False\nE           assert False\n\ntestCases\\test_userprofile_params.py:76: AssertionError","steps":[],"attachments":[{"uid":"3f1fe6d47706fe5","name":"log","source":"3f1fe6d47706fe5.txt","type":"text/plain","size":503},{"uid":"799e643d73b882e6","name":"stdout","source":"799e643d73b882e6.txt","type":"text/plain","size":53},{"uid":"bd670fb07f874c46","name":"stderr","source":"bd670fb07f874c46.txt","type":"text/plain","size":94524}],"parameters":[],"attachmentStep":false,"hasContent":true,"stepsCount":0,"shouldDisplayMessage":true,"attachmentsCount":3},"afterStages":[{"name":"setup::0","time":{"start":1705001426330,"stop":1705001428510,"duration":2180},"status":"passed","steps":[],"attachments":[],"parameters":[],"attachmentStep":false,"hasContent":false,"stepsCount":0,"shouldDisplayMessage":false,"attachmentsCount":0}],"labels":[{"name":"parentSuite","value":"testCases"},{"name":"suite","value":"test_userprofile_params"},{"name":"subSuite","value":"Test_UserProfile"},{"name":"host","value":"Sonu"},{"name":"thread","value":"3420-MainThread"},{"name":"framework","value":"pytest"},{"name":"language","value":"cpython3"},{"name":"package","value":"testCases.test_userprofile_params"},{"name":"resultFormat","value":"allure2"}],"parameters":[{"name":"getDataForLogin","value":"('tester4@gmail.com1', 'tester1234', 'Fail')"}],"links":[],"hidden":true,"retry":true,"extra":{"categories":[],"tags":[]},"source":"4613ef4faab7819c.json","parameterValues":["('tester4@gmail.com1', 'tester1234', 'Fail')"]}