{"uid":"fd2955d1e6d52bc8","name":"test_user_login_004[getDataForLogin1]","fullName":"testCases.test_userprofile_params.Test_UserProfile#test_user_login_004","historyId":"382414ea98700468abfbc14acef13d72","time":{"start":1705001427456,"stop":1705001430958,"duration":3502},"status":"failed","statusMessage":"AssertionError: assert False","statusTrace":"self = <testCases.test_userprofile_params.Test_UserProfile object at 0x000001BDEF7F8AD0>\nsetup = <selenium.webdriver.chrome.webdriver.WebDriver (session=\"7719b6bbb26922960caa1a51f8b832a7\")>\ngetDataForLogin = ('tester4@gmail.com1', 'tester123', 'Fail')\n\n    def test_user_login_004(self, setup, getDataForLogin):\n        self.driver = setup\n        self.log.info(\"*** opening browser ***\")\n        self.ur = UserProfile_Class(self.driver)\n        self.log.info(\"test_user_login_004 is started\")\n        self.driver.get(self.Login_url)\n        self.log.info(\"go to url\")\n        self.ur.Enter_Email(getDataForLogin[0])\n        self.log.info(\"enter email\")\n        self.ur.Enter_Password(getDataForLogin[1])\n        self.log.info(\"enter password\")\n        self.ur.Click_login_or_Register_button()\n        self.log.info(\"click on login button\")\n    \n        if self.ur.Validation_login_or_Registration() == \"Registration or login  pass\":\n            self.log.info(\"test_user_login_004 is pass\")\n            if getDataForLogin[2] == \"Pass\":\n                self.driver.save_screenshot(\n                \"C:\\\\Babli\\\\python_revision_2\\\\Pytest_python_projects\\\\Pytest_credkart_project\\\\Screenshots\\\\Login_pass.png\"\n            )\n            assert True\n        elif getDataForLogin[2] == \"Fail\":\n            self.driver.save_screenshot(\n                \"C:\\\\Babli\\\\python_revision_2\\\\Pytest_python_projects\\\\Pytest_credkart_project\\\\Screenshots\\\\Login_pass.png\"\n            )\n>           assert False\nE           assert False\n\ntestCases\\test_userprofile_params.py:76: AssertionError","flaky":false,"newFailed":false,"newBroken":false,"newPassed":false,"retriesCount":0,"retriesStatusChange":false,"beforeStages":[{"name":"browser","time":{"start":1705001426053,"stop":1705001426053,"duration":0},"status":"passed","steps":[],"attachments":[],"parameters":[],"attachmentStep":false,"hasContent":false,"stepsCount":0,"shouldDisplayMessage":false,"attachmentsCount":0},{"name":"setup","time":{"start":1705001426053,"stop":1705001427454,"duration":1401},"status":"passed","steps":[],"attachments":[],"parameters":[],"attachmentStep":false,"hasContent":false,"stepsCount":0,"shouldDisplayMessage":false,"attachmentsCount":0},{"name":"getDataForLogin","time":{"start":1705001427454,"stop":1705001427455,"duration":1},"status":"passed","steps":[],"attachments":[],"parameters":[],"attachmentStep":false,"hasContent":false,"stepsCount":0,"shouldDisplayMessage":false,"attachmentsCount":0}],"testStage":{"status":"failed","statusMessage":"AssertionError: assert False","statusTrace":"self = <testCases.test_userprofile_params.Test_UserProfile object at 0x000001BDEF7F8AD0>\nsetup = <selenium.webdriver.chrome.webdriver.WebDriver (session=\"7719b6bbb26922960caa1a51f8b832a7\")>\ngetDataForLogin = ('tester4@gmail.com1', 'tester123', 'Fail')\n\n    def test_user_login_004(self, setup, getDataForLogin):\n        self.driver = setup\n        self.log.info(\"*** opening browser ***\")\n        self.ur = UserProfile_Class(self.driver)\n        self.log.info(\"test_user_login_004 is started\")\n        self.driver.get(self.Login_url)\n        self.log.info(\"go to url\")\n        self.ur.Enter_Email(getDataForLogin[0])\n        self.log.info(\"enter email\")\n        self.ur.Enter_Password(getDataForLogin[1])\n        self.log.info(\"enter password\")\n        self.ur.Click_login_or_Register_button()\n        self.log.info(\"click on login button\")\n    \n        if self.ur.Validation_login_or_Registration() == \"Registration or login  pass\":\n            self.log.info(\"test_user_login_004 is pass\")\n            if getDataForLogin[2] == \"Pass\":\n                self.driver.save_screenshot(\n                \"C:\\\\Babli\\\\python_revision_2\\\\Pytest_python_projects\\\\Pytest_credkart_project\\\\Screenshots\\\\Login_pass.png\"\n            )\n            assert True\n        elif getDataForLogin[2] == \"Fail\":\n            self.driver.save_screenshot(\n                \"C:\\\\Babli\\\\python_revision_2\\\\Pytest_python_projects\\\\Pytest_credkart_project\\\\Screenshots\\\\Login_pass.png\"\n            )\n>           assert False\nE           assert False\n\ntestCases\\test_userprofile_params.py:76: AssertionError","steps":[],"attachments":[{"uid":"61ab9ad180dd99fe","name":"log","source":"61ab9ad180dd99fe.txt","type":"text/plain","size":503},{"uid":"c1e8c0305cd6bad9","name":"stdout","source":"c1e8c0305cd6bad9.txt","type":"text/plain","size":53},{"uid":"93b581ca709d9947","name":"stderr","source":"93b581ca709d9947.txt","type":"text/plain","size":94524}],"parameters":[],"attachmentStep":false,"hasContent":true,"stepsCount":0,"shouldDisplayMessage":true,"attachmentsCount":3},"afterStages":[{"name":"setup::0","time":{"start":1705001430977,"stop":1705001433167,"duration":2190},"status":"passed","steps":[],"attachments":[],"parameters":[],"attachmentStep":false,"hasContent":false,"stepsCount":0,"shouldDisplayMessage":false,"attachmentsCount":0}],"labels":[{"name":"parentSuite","value":"testCases"},{"name":"suite","value":"test_userprofile_params"},{"name":"subSuite","value":"Test_UserProfile"},{"name":"host","value":"Sonu"},{"name":"thread","value":"7400-MainThread"},{"name":"framework","value":"pytest"},{"name":"language","value":"cpython3"},{"name":"package","value":"testCases.test_userprofile_params"},{"name":"resultFormat","value":"allure2"}],"parameters":[{"name":"getDataForLogin","value":"('tester4@gmail.com1', 'tester123', 'Fail')"}],"links":[],"hidden":true,"retry":true,"extra":{"categories":[],"tags":[]},"source":"fd2955d1e6d52bc8.json","parameterValues":["('tester4@gmail.com1', 'tester123', 'Fail')"]}